<?xml version="1.0" encoding="UTF-8"?>
<!-- Generated by org.testng.reporters.JUnitXMLReporter -->
<testsuite ignored="0" hostname="Amit" failures="1" tests="3" name="C:/Users/amit1/OneDrive/Desktop/Java/TestNG/src/test/java/Selenium/Topic20_TestNGListenersExtentReportGeneration" time="8.853" errors="0" timestamp="2025-06-02T21:46:05 IST">
  <testcase classname="Selenium.Topic20_TestNGListenersExtentReportGeneration.OrangeHRM" name="testLogo" time="0.064"/>
  <testcase classname="Selenium.Topic20_TestNGListenersExtentReportGeneration.OrangeHRM" name="testAppUrl" time="0.029">
    <failure type="java.lang.AssertionError" message="expected [https://opensource-demo.orangehrmlive.com/] but found [https://opensource-demo.orangehrmlive.com/web/index.php/auth/login]">
      <![CDATA[java.lang.AssertionError: expected [https://opensource-demo.orangehrmlive.com/] but found [https://opensource-demo.orangehrmlive.com/web/index.php/auth/login]
at Selenium.Topic20_TestNGListenersExtentReportGeneration.OrangeHRM.testAppUrl(OrangeHRM.java:36)
at java.base/java.util.ArrayList.forEach(ArrayList.java:1597)
at com.intellij.rt.testng.IDEARemoteTestNG.run(IDEARemoteTestNG.java:65)
at com.intellij.rt.testng.RemoteTestNGStarter.main(RemoteTestNGStarter.java:105)
... Removed 28 stack frames]]>
    </failure>
  </testcase> <!-- testAppUrl -->
  <testcase classname="Selenium.Topic20_TestNGListenersExtentReportGeneration.OrangeHRM" name="testHomePageTitle" time="0.0">
    <skipped/>
  </testcase> <!-- testHomePageTitle -->
</testsuite> <!-- C:/Users/amit1/OneDrive/Desktop/Java/TestNG/src/test/java/Selenium/Topic20_TestNGListenersExtentReportGeneration -->
